<?xml version="1.0" encoding="utf-8"?><testsuites name="pytest tests"><testsuite name="pytest" errors="0" failures="0" skipped="0" tests="28" time="7.441" timestamp="2026-07-26T15:57:00.621803+00:00" hostname="agent-env-ac774466-c50b-46c5-b335-1e02c9c6cf62"><testcase classname="backend.tests.test_sandbox_isolation.TestReviewerIsolation" name="test_workers_only_demo" time="0.484" /><testcase classname="backend.tests.test_sandbox_isolation.TestReviewerIsolation" name="test_tasks_only_demo" time="0.102" /><testcase classname="backend.tests.test_sandbox_isolation.TestReviewerIsolation" name="test_goals" time="0.106" /><testcase classname="backend.tests.test_sandbox_isolation.TestReviewerIsolation" name="test_essentials" time="0.110" /><testcase classname="backend.tests.test_sandbox_isolation.TestReviewerIsolation" name="test_payroll_only_demo" time="0.101" /><testcase classname="backend.tests.test_sandbox_isolation.TestReviewerIsolation" name="test_worker_status_only_demo" time="0.096" /><testcase classname="backend.tests.test_sandbox_isolation.TestReviewerIsolation" name="test_announcements_empty_of_real" time="0.111" /><testcase classname="backend.tests.test_sandbox_isolation.TestReviewerIsolation" name="test_time_entries_only_demo" time="0.204" /><testcase classname="backend.tests.test_sandbox_isolation.TestOwnerIsolation" name="test_workers_no_sandbox" time="0.427" /><testcase classname="backend.tests.test_sandbox_isolation.TestOwnerIsolation" name="test_tasks_no_sandbox" time="0.098" /><testcase classname="backend.tests.test_sandbox_isolation.TestOwnerIsolation" name="test_goals_no_sandbox" time="0.097" /><testcase classname="backend.tests.test_sandbox_isolation.TestOwnerIsolation" name="test_essentials_no_sandbox" time="0.109" /><testcase classname="backend.tests.test_sandbox_isolation.TestOwnerIsolation" name="test_payroll_no_sandbox" time="0.094" /><testcase classname="backend.tests.test_sandbox_isolation.TestOwnerIsolation" name="test_worker_status_no_sandbox" time="0.092" /><testcase classname="backend.tests.test_sandbox_isolation.TestSandboxWorkerCreation" name="test_create_sb_worker_isolated" time="0.922" /><testcase classname="backend.tests.test_sandbox_isolation.TestSandboxWorkerCreation" name="test_reviewer_cannot_delete_real_worker" time="0.201" /><testcase classname="backend.tests.test_sandbox_isolation.TestCrossSandboxAssignment" name="test_task_assign_to_real_worker_blocked" time="0.195" /><testcase classname="backend.tests.test_sandbox_isolation.TestCrossSandboxAssignment" name="test_goal_assign_to_real_worker_blocked" time="0.110" /><testcase classname="backend.tests.test_sandbox_isolation.TestCrossSandboxAssignment" name="test_essential_assign_to_real_worker_blocked" time="0.099" /><testcase classname="backend.tests.test_sandbox_isolation.TestAnnouncementsIsolation" name="test_announcement_fanout" time="1.505" /><testcase classname="backend.tests.test_sandbox_isolation.TestWorkerSideIsolation" name="test_demo_peers_empty" time="0.100" /><testcase classname="backend.tests.test_sandbox_isolation.TestWorkerSideIsolation" name="test_real_worker_peers_no_demo" time="0.093" /><testcase classname="backend.tests.test_sandbox_isolation.TestWorkerSideIsolation" name="test_demo_own_tasks" time="0.117" /><testcase classname="backend.tests.test_sandbox_isolation.TestWorkerSideIsolation" name="test_demo_own_goals" time="0.092" /><testcase classname="backend.tests.test_sandbox_isolation.TestRealRegression" name="test_owner_payroll_has_real" time="0.108" /><testcase classname="backend.tests.test_sandbox_isolation.TestRealRegression" name="test_real_worker_clock_flow" time="0.931" /><testcase classname="backend.tests.test_sandbox_isolation.TestRealRegression" name="test_demo_clock_flow" time="0.309" /><testcase classname="backend.tests.test_sandbox_isolation.TestAwardsGuard" name="test_awards_guard" time="0.327" /></testsuite></testsuites>