<?xml version="1.0" encoding="utf-8"?><testsuites name="pytest tests"><testsuite name="pytest" errors="0" failures="0" skipped="0" tests="18" time="4.683" timestamp="2026-07-18T10:37:37.146709+00:00" hostname="agent-env-ac774466-c50b-46c5-b335-1e02c9c6cf62"><testcase classname="backend.tests.test_loveworks_iter4.TestPWA" name="test_manifest" time="0.271" /><testcase classname="backend.tests.test_loveworks_iter4.TestPWA" name="test_static[/sw.js]" time="0.104" /><testcase classname="backend.tests.test_loveworks_iter4.TestPWA" name="test_static[/icon-192.png]" time="0.113" /><testcase classname="backend.tests.test_loveworks_iter4.TestPWA" name="test_static[/icon-512.png]" time="0.143" /><testcase classname="backend.tests.test_loveworks_iter4.TestPWA" name="test_static[/apple-touch-icon.png]" time="0.115" /><testcase classname="backend.tests.test_loveworks_iter4.TestAuthRegression" name="test_admin_login_and_me" time="0.429" /><testcase classname="backend.tests.test_loveworks_iter4.TestAuthRegression" name="test_worker_login_and_me" time="0.519" /><testcase classname="backend.tests.test_loveworks_iter4.TestConcurrentClocks" name="test_two_concurrent_activities_then_close_all" time="0.726" /><testcase classname="backend.tests.test_loveworks_iter4.TestGoalsAndTrips" name="test_create_goal" time="0.259" /><testcase classname="backend.tests.test_loveworks_iter4.TestGoalsAndTrips" name="test_edit_goal" time="0.194" /><testcase classname="backend.tests.test_loveworks_iter4.TestGoalsAndTrips" name="test_create_trip" time="0.190" /><testcase classname="backend.tests.test_loveworks_iter4.TestGoalsAndTrips" name="test_admin_sees_trip" time="0.285" /><testcase classname="backend.tests.test_loveworks_iter4.TestEssentials" name="test_create_and_toggle_purchased" time="0.322" /><testcase classname="backend.tests.test_loveworks_iter4.TestEssentials" name="test_admin_sees_essentials" time="0.194" /><testcase classname="backend.tests.test_loveworks_iter4.TestPeers" name="test_peers_list" time="0.098" /><testcase classname="backend.tests.test_loveworks_iter4.TestPayroll" name="test_payroll_admin" time="0.100" /><testcase classname="backend.tests.test_loveworks_iter4.TestPayroll" name="test_payroll_forbidden_worker" time="0.095" /><testcase classname="backend.tests.test_loveworks_iter4.TestAdminTaskCRUD" name="test_create_edit_delete" time="0.414" /></testsuite></testsuites>