<?xml version="1.0" encoding="utf-8"?><testsuites name="pytest tests"><testsuite name="pytest" errors="0" failures="0" skipped="0" tests="11" time="5.707" timestamp="2026-07-18T11:10:24.266212+00:00" hostname="agent-env-ac774466-c50b-46c5-b335-1e02c9c6cf62"><testcase classname="backend.tests.test_iloveworks_iter5.TestBranding" name="test_api_root_message" time="0.206" /><testcase classname="backend.tests.test_iloveworks_iter5.TestBranding" name="test_manifest_short_name" time="0.089" /><testcase classname="backend.tests.test_iloveworks_iter5.TestBranding" name="test_privacy_page_public" time="0.111" /><testcase classname="backend.tests.test_iloveworks_iter5.TestIdleFields" name="test_worker_status_has_idle_fields" time="0.363" /><testcase classname="backend.tests.test_iloveworks_iter5.TestClockOutAlert" name="test_worker_clock_out_notifies_admin" time="3.001" /><testcase classname="backend.tests.test_iloveworks_iter5.TestDeleteAccount" name="test_admin_cannot_delete_self" time="0.043" /><testcase classname="backend.tests.test_iloveworks_iter5.TestDeleteAccount" name="test_create_throwaway_worker" time="0.269" /><testcase classname="backend.tests.test_iloveworks_iter5.TestDeleteAccount" name="test_wrong_password_returns_401" time="0.592" /><testcase classname="backend.tests.test_iloveworks_iter5.TestDeleteAccount" name="test_correct_password_deletes" time="0.724" /><testcase classname="backend.tests.test_iloveworks_iter5.TestDeleteAccount" name="test_deleted_user_cannot_login" time="0.191" /><testcase classname="backend.tests.test_iloveworks_iter5.TestDeleteAccount" name="test_deleted_user_time_entries_gone" time="0.047" /></testsuite></testsuites>