<?xml version="1.0" encoding="utf-8"?><testsuites name="pytest tests"><testsuite name="pytest" errors="0" failures="0" skipped="0" tests="23" time="2.748" timestamp="2026-07-26T03:51:35.847563+00:00" hostname="agent-env-ac774466-c50b-46c5-b335-1e02c9c6cf62"><testcase classname="backend.tests.test_cors_bearer_iter6" name="test_cors_preflight_backend_direct_echoes_origin[capacitor://localhost]" time="0.004" /><testcase classname="backend.tests.test_cors_bearer_iter6" name="test_cors_preflight_backend_direct_echoes_origin[ionic://localhost]" time="0.002" /><testcase classname="backend.tests.test_cors_bearer_iter6" name="test_cors_preflight_backend_direct_echoes_origin[http://localhost]" time="0.002" /><testcase classname="backend.tests.test_cors_bearer_iter6" name="test_cors_preflight_backend_direct_echoes_origin[http://localhost:3000]" time="0.001" /><testcase classname="backend.tests.test_cors_bearer_iter6" name="test_cors_preflight_backend_direct_echoes_origin[https://labor-admin-hub.preview.emergentagent.com]" time="0.002" /><testcase classname="backend.tests.test_cors_bearer_iter6" name="test_cors_preflight_backend_direct_echoes_origin[https://labor-admin-hub.emergent.host]" time="0.001" /><testcase classname="backend.tests.test_cors_bearer_iter6" name="test_cors_preflight_public_no_spec_violation[capacitor://localhost]" time="0.136" /><testcase classname="backend.tests.test_cors_bearer_iter6" name="test_cors_preflight_public_no_spec_violation[ionic://localhost]" time="0.069" /><testcase classname="backend.tests.test_cors_bearer_iter6" name="test_cors_preflight_public_no_spec_violation[http://localhost]" time="0.073" /><testcase classname="backend.tests.test_cors_bearer_iter6" name="test_cors_preflight_public_no_spec_violation[https://labor-admin-hub.emergent.host]" time="0.069" /><testcase classname="backend.tests.test_cors_bearer_iter6" name="test_cors_preflight_bogus_origin_backend_direct" time="0.002" /><testcase classname="backend.tests.test_cors_bearer_iter6" name="test_actual_post_from_capacitor_origin" time="0.325" /><testcase classname="backend.tests.test_cors_bearer_iter6" name="test_worker_me_bearer" time="0.434" /><testcase classname="backend.tests.test_cors_bearer_iter6" name="test_admin_me_bearer" time="0.443" /><testcase classname="backend.tests.test_cors_bearer_iter6" name="test_me_without_token_unauthorized" time="0.098" /><testcase classname="backend.tests.test_cors_bearer_iter6" name="test_tasks_bearer_worker" time="0.102" /><testcase classname="backend.tests.test_cors_bearer_iter6" name="test_time_active_bearer_worker" time="0.100" /><testcase classname="backend.tests.test_cors_bearer_iter6" name="test_tasks_bearer_admin" time="0.097" /><testcase classname="backend.tests.test_cors_bearer_iter6" name="test_workers_list_admin" time="0.097" /><testcase classname="backend.tests.test_cors_bearer_iter6" name="test_worker_regression_lists[/api/essentials]" time="0.107" /><testcase classname="backend.tests.test_cors_bearer_iter6" name="test_worker_regression_lists[/api/goals]" time="0.102" /><testcase classname="backend.tests.test_cors_bearer_iter6" name="test_clock_in_out_bearer" time="0.297" /><testcase classname="backend.tests.test_cors_bearer_iter6" name="test_logout_endpoint" time="0.099" /></testsuite></testsuites>