<?xml version="1.0" encoding="utf-8"?><testsuites name="pytest tests"><testsuite name="pytest" errors="0" failures="0" skipped="0" tests="14" time="119.393" timestamp="2026-06-07T07:44:03.763862+00:00" hostname="agent-env-ac774466-c50b-46c5-b335-1e02c9c6cf62"><testcase classname="backend.tests.test_notifications_push.TestTaskAssignedNotification" name="test_task_assigned_notif_created" time="1.508" /><testcase classname="backend.tests.test_notifications_push.TestTaskUpdatedNotification" name="test_price_change_creates_task_updated_with_price" time="0.144" /><testcase classname="backend.tests.test_notifications_push.TestTaskUpdatedNotification" name="test_due_time_change_creates_task_updated" time="0.140" /><testcase classname="backend.tests.test_notifications_push.TestTaskUpdatedNotification" name="test_due_at_change_creates_task_updated" time="0.141" /><testcase classname="backend.tests.test_notifications_push.TestTaskUpdatedNotification" name="test_due_day_change_creates_task_updated" time="0.142" /><testcase classname="backend.tests.test_notifications_push.TestTaskUpdatedNotification" name="test_worker_status_only_does_not_create_task_updated" time="0.538" /><testcase classname="backend.tests.test_notifications_push.TestReassignment" name="test_reassign_notifies_both_old_and_new" time="0.183" /><testcase classname="backend.tests.test_notifications_push.TestGoalAssignment" name="test_admin_assigns_goal_to_worker_creates_notification" time="0.097" /><testcase classname="backend.tests.test_notifications_push.TestGoalAssignment" name="test_worker_cannot_assign_goal_to_another_worker" time="0.046" /><testcase classname="backend.tests.test_notifications_push.TestGoalAssignment" name="test_admin_no_assignee_owns_goal_self" time="0.045" /><testcase classname="backend.tests.test_notifications_push.TestPushEndpoints" name="test_public_key_returns_key_and_available" time="0.131" /><testcase classname="backend.tests.test_notifications_push.TestPushEndpoints" name="test_subscribe_upsert_and_unsubscribe" time="0.139" /><testcase classname="backend.tests.test_notifications_push.TestPushEndpoints" name="test_subscribe_requires_endpoint" time="0.050" /><testcase classname="backend.tests.test_notifications_push.TestReminderLoop" name="test_reminder_fires_and_dedups" time="115.944" /></testsuite></testsuites>