<?xml version="1.0" encoding="utf-8"?><testsuites name="pytest tests"><testsuite name="pytest" errors="0" failures="0" skipped="0" tests="21" time="110.950" timestamp="2026-06-07T16:52:17.090348+00:00" hostname="agent-env-ac774466-c50b-46c5-b335-1e02c9c6cf62"><testcase classname="backend.tests.test_audit_iter3.TestWeeklyStripTZ" name="test_weekly_strip_local_weekday_buckets" time="1.052" /><testcase classname="backend.tests.test_audit_iter3.TestEarningsTZBoundary" name="test_sunday_2330_local_excluded_monday_0030_included" time="0.102" /><testcase classname="backend.tests.test_audit_iter3.TestGoalAllocationMath" name="test_allocation_50_yields_40pct" time="0.113" /><testcase classname="backend.tests.test_audit_iter3.TestGoalAllocationMath" name="test_allocation_zero_and_hundred" time="0.148" /><testcase classname="backend.tests.test_audit_iter3.TestPayroll" name="test_payroll_counts_and_sums" time="0.056" /><testcase classname="backend.tests.test_audit_iter3.TestPotentialEarnings" name="test_potential_rollups_and_required_hours" time="0.203" /><testcase classname="backend.tests.test_audit_iter3.TestLiveShiftTimer" name="test_clock_in_out_visible" time="4.463" /><testcase classname="backend.tests.test_audit_iter3.TestTaskLifecycleNotifs" name="test_assign_progress_complete_reassign_price" time="2.740" /><testcase classname="backend.tests.test_audit_iter3.TestReminderLoop" name="test_reminder_fires_when_due_in_15m_and_not_when_past" time="100.116" /><testcase classname="backend.tests.test_audit_iter3.TestGoalAssignment" name="test_admin_assigns_to_worker" time="0.395" /><testcase classname="backend.tests.test_audit_iter3.TestGoalAssignment" name="test_admin_self_goal" time="0.055" /><testcase classname="backend.tests.test_audit_iter3.TestGoalAssignment" name="test_worker_cannot_assign_to_other" time="0.058" /><testcase classname="backend.tests.test_audit_iter3.TestWebPush" name="test_public_key" time="0.053" /><testcase classname="backend.tests.test_audit_iter3.TestWebPush" name="test_subscribe_upsert_and_unsubscribe" time="0.154" /><testcase classname="backend.tests.test_audit_iter3.TestAuthLockout" name="test_six_wrong_logins_lock" time="0.798" /><testcase classname="backend.tests.test_timezone" name="test_app_tz_loaded" time="0.000" /><testcase classname="backend.tests.test_timezone" name="test_start_of_week_is_local_monday" time="0.000" /><testcase classname="backend.tests.test_timezone" name="test_sunday_evening_local_does_not_cross_into_new_week" time="0.000" /><testcase classname="backend.tests.test_timezone" name="test_iso_utc_serializes_to_z_offset" time="0.000" /><testcase classname="backend.tests.test_timezone" name="test_start_of_month_is_local_first" time="0.000" /><testcase classname="backend.tests.test_timezone" name="test_completed_at_at_local_day_boundary_lands_on_correct_weekday" time="0.006" /></testsuite></testsuites>