<?xml version="1.0" encoding="utf-8"?><testsuites name="pytest tests"><testsuite name="pytest" errors="0" failures="0" skipped="0" tests="23" time="5.325" timestamp="2026-06-01T19:33:55.589527+00:00" hostname="agent-env-ac774466-c50b-46c5-b335-1e02c9c6cf62"><testcase classname="backend.tests.test_clockwork.TestHealth" name="test_api_root" time="0.991" /><testcase classname="backend.tests.test_clockwork.TestAuth" name="test_me_unauthenticated_returns_401" time="0.124" /><testcase classname="backend.tests.test_clockwork.TestAuth" name="test_admin_login_returns_user_and_token" time="0.336" /><testcase classname="backend.tests.test_clockwork.TestAuth" name="test_login_invalid_credentials" time="0.143" /><testcase classname="backend.tests.test_clockwork.TestAuth" name="test_me_authenticated" time="0.057" /><testcase classname="backend.tests.test_clockwork.TestWorkers" name="test_worker_creation_and_listing" time="0.060" /><testcase classname="backend.tests.test_clockwork.TestWorkers" name="test_duplicate_worker_email_rejected" time="0.061" /><testcase classname="backend.tests.test_clockwork.TestWorkers" name="test_non_admin_cannot_create_worker" time="0.451" /><testcase classname="backend.tests.test_clockwork.TestTasks" name="test_create_task" time="0.059" /><testcase classname="backend.tests.test_clockwork.TestTasks" name="test_create_task_invalid_worker" time="0.053" /><testcase classname="backend.tests.test_clockwork.TestTasks" name="test_admin_lists_tasks_with_assignee_name" time="0.056" /><testcase classname="backend.tests.test_clockwork.TestTasks" name="test_admin_can_patch_price" time="0.125" /><testcase classname="backend.tests.test_clockwork.TestTasks" name="test_worker_sees_only_own_tasks" time="0.102" /><testcase classname="backend.tests.test_clockwork.TestTasks" name="test_worker_can_set_in_progress" time="0.071" /><testcase classname="backend.tests.test_clockwork.TestTasks" name="test_worker_cannot_change_price" time="0.063" /><testcase classname="backend.tests.test_clockwork.TestTasks" name="test_worker_can_mark_completed" time="0.065" /><testcase classname="backend.tests.test_clockwork.TestTasks" name="test_admin_can_delete_task" time="0.178" /><testcase classname="backend.tests.test_clockwork.TestTime" name="test_clock_in_then_out" time="1.323" /><testcase classname="backend.tests.test_clockwork.TestTime" name="test_clock_out_when_not_in" time="0.057" /><testcase classname="backend.tests.test_clockwork.TestTime" name="test_list_entries_worker" time="0.062" /><testcase classname="backend.tests.test_clockwork.TestPayroll" name="test_admin_payroll" time="0.060" /><testcase classname="backend.tests.test_clockwork.TestPayroll" name="test_worker_cannot_access_payroll" time="0.091" /><testcase classname="backend.tests.test_clockwork.TestLogout" name="test_logout_succeeds" time="0.505" /></testsuite></testsuites>